Build started 2015-01-25 13:50:38.
     1>Project "C:\Users\Trix\Documents\Visual Studio 2010\Projects\logika\logika\logika.vcxproj" on node 2 (build target(s)).
     1>InitializeBuildStatus:
         Creating "Debug\logika.unsuccessfulbuild" because "AlwaysCreate" was specified.
       ClCompile:
         c:\Program Files (x86)\Microsoft Visual Studio 10.0\VC\bin\CL.exe /c /ZI /nologo /W3 /WX- /Od /Oy- /D _MBCS /Gm /EHsc /RTC1 /MDd /GS /fp:precise /Zc:wchar_t /Zc:forScope /Fo"Debug\\" /Fd"Debug\vc100.pdb" /Gd /TP /analyze- /errorReport:prompt main.cpp
         main.cpp
     1>c:\users\trix\documents\visual studio 2010\projects\logika\logika\main.cpp(33): warning C4244: 'argument' : conversion from 'const wchar_t' to 'std::ctype<char>::_Elem', possible loss of data
     1>c:\users\trix\documents\visual studio 2010\projects\logika\logika\main.cpp(65): warning C4018: '<' : signed/unsigned mismatch
     1>c:\users\trix\documents\visual studio 2010\projects\logika\logika\main.cpp(69): warning C4018: '<' : signed/unsigned mismatch
     1>c:\users\trix\documents\visual studio 2010\projects\logika\logika\main.cpp(92): warning C4018: '<' : signed/unsigned mismatch
     1>c:\users\trix\documents\visual studio 2010\projects\logika\logika\main.cpp(96): warning C4018: '<' : signed/unsigned mismatch
     1>c:\users\trix\documents\visual studio 2010\projects\logika\logika\main.cpp(662): warning C4018: '<' : signed/unsigned mismatch
     1>c:\users\trix\documents\visual studio 2010\projects\logika\logika\main.cpp(669): warning C4018: '<' : signed/unsigned mismatch
     1>c:\users\trix\documents\visual studio 2010\projects\logika\logika\main.cpp(671): warning C4018: '<' : signed/unsigned mismatch
     1>c:\users\trix\documents\visual studio 2010\projects\logika\logika\main.cpp(694): warning C4018: '<=' : signed/unsigned mismatch
     1>c:\users\trix\documents\visual studio 2010\projects\logika\logika\main.cpp(704): warning C4018: '<' : signed/unsigned mismatch
       Link:
         c:\Program Files (x86)\Microsoft Visual Studio 10.0\VC\bin\link.exe /ERRORREPORT:PROMPT /OUT:"C:\Users\Trix\Documents\Visual Studio 2010\Projects\logika\Debug\logika.exe" /NOLOGO kernel32.lib user32.lib gdi32.lib winspool.lib comdlg32.lib advapi32.lib shell32.lib ole32.lib oleaut32.lib uuid.lib odbc32.lib odbccp32.lib /MANIFEST /ManifestFile:"Debug\logika.exe.intermediate.manifest" /MANIFESTUAC:"level='asInvoker' uiAccess='false'" /DEBUG /PDB:"C:\Users\Trix\Documents\Visual Studio 2010\Projects\logika\Debug\logika.pdb" /TLBID:1 /DYNAMICBASE /NXCOMPAT /IMPLIB:"C:\Users\Trix\Documents\Visual Studio 2010\Projects\logika\Debug\logika.lib" /MACHINE:X86 Debug\formula.obj
         Debug\main.obj
         LINK : C:\Users\Trix\Documents\Visual Studio 2010\Projects\logika\Debug\logika.exe not found or not built by the last incremental link; performing full link
         logika.vcxproj -> C:\Users\Trix\Documents\Visual Studio 2010\Projects\logika\Debug\logika.exe
       Manifest:
         C:\Program Files (x86)\Microsoft SDKs\Windows\v7.0A\bin\mt.exe /nologo /verbose /outputresource:"C:\Users\Trix\Documents\Visual Studio 2010\Projects\logika\Debug\logika.exe;#1" /manifest Debug\logika.exe.intermediate.manifest
       FinalizeBuildStatus:
         Deleting file "Debug\logika.unsuccessfulbuild".
         Touching "Debug\logika.lastbuildstate".
     1>Done Building Project "C:\Users\Trix\Documents\Visual Studio 2010\Projects\logika\logika\logika.vcxproj" (build target(s)).

Build succeeded.

Time Elapsed 00:00:02.66
